\BOOKMARK [1][-]{section.1}{Developing and download}{}% 1
\BOOKMARK [1][-]{section.2}{Description}{}% 2
\BOOKMARK [1][-]{section.3}{Rapid changelog}{}% 3
\BOOKMARK [1][-]{section.4}{The shortcode command}{}% 4
\BOOKMARK [1][-]{section.5}{The shortcode options}{}% 5
\BOOKMARK [2][-]{subsection.5.1}{Available options for the shortcode}{section.5}% 6
\BOOKMARK [2][-]{subsection.5.2}{[role] Display a text portion to a certain role}{section.5}% 7
\BOOKMARK [3][-]{subsubsection.5.2.1}{Examples}{subsection.5.2}% 8
\BOOKMARK [3][-]{subsubsection.5.2.2}{Text only for specific roles excluding other roles}{subsection.5.2}% 9
\BOOKMARK [3][-]{subsubsection.5.2.3}{[recipient] Text only for a specific user or multiple users}{subsection.5.2}% 10
\BOOKMARK [3][-]{subsubsection.5.2.4}{[custom\137role] Display a text portion to a custom role or multiple roles}{subsection.5.2}% 11
\BOOKMARK [2][-]{subsection.5.3}{[reverse] Reverse the logic of hiding text}{section.5}% 12
\BOOKMARK [3][-]{subsubsection.5.3.1}{Use of the "reverse" option for single users}{subsection.5.3}% 13
\BOOKMARK [3][-]{subsubsection.5.3.2}{Use of the "reverse" option for roles}{subsection.5.3}% 14
\BOOKMARK [2][-]{subsection.5.4}{The Administrator role}{section.5}% 15
\BOOKMARK [2][-]{subsection.5.5}{[align] Align style}{section.5}% 16
\BOOKMARK [2][-]{subsection.5.6}{[alt] Alternate text for excluded users}{section.5}% 17
\BOOKMARK [2][-]{subsection.5.7}{[container] The html container for the text}{section.5}% 18
\BOOKMARK [2][-]{subsection.5.8}{[id] Adding custom ids for the html container}{section.5}% 19
\BOOKMARK [2][-]{subsection.5.9}{[class] Adding custom classes for the html container}{section.5}% 20
\BOOKMARK [1][-]{section.6}{Giving a style to the text generated by Private Content}{}% 21
\BOOKMARK [1][-]{section.7}{Capabilities created by Private Content plugin}{}% 22
\BOOKMARK [1][-]{section.8}{Available filters}{}% 23
\BOOKMARK [1][-]{section.9}{Testing the shortcode}{}% 24
